============================= test session starts ==============================
platform darwin -- Python 3.9.6, pytest-8.4.2, pluggy-1.6.0 -- /Users/user/PycharmProjects/PythonFridaysSchool/.venv/bin/python
cachedir: .pytest_cache
rootdir: /Users/user/PycharmProjects/PythonFridaysSchool
collecting ... collected 8 items

homework_2/test_hm2_nasukha.py::TestGetBirthdaysPerWeek::test_birthday_beyond_week_is_excluded PASSED [ 12%]
homework_2/test_hm2_nasukha.py::TestGetBirthdaysPerWeek::test_birthday_today_is_included PASSED [ 25%]
homework_2/test_hm2_nasukha.py::TestGetBirthdaysPerWeek::test_empty_users_returns_empty_dict PASSED [ 37%]
homework_2/test_hm2_nasukha.py::TestGetBirthdaysPerWeek::test_only_weekday_names_as_keys PASSED [ 50%]
homework_2/test_hm2_nasukha.py::TestGetBirthdaysPerWeek::test_result_has_no_empty_days PASSED [ 62%]
homework_2/test_hm2_nasukha.py::TestGetBirthdaysPerWeek::test_saturday_birthday_shifts_to_monday PASSED [ 75%]
homework_2/test_hm2_nasukha.py::TestGetBirthdaysPerWeek::test_sunday_birthday_shifts_to_monday PASSED [ 87%]
homework_2/test_hm2_nasukha.py::TestGetBirthdaysPerWeek::test_weekday_birthday_lands_on_its_day PASSED [100%]

============================== 8 passed in 0.01s ===============================
