============================= test session starts ==============================
platform darwin -- Python 3.9.6, pytest-8.4.2, pluggy-1.6.0 -- /Users/user/PycharmProjects/PythonFridaysSchool/.venv/bin/python
cachedir: .pytest_cache
rootdir: /Users/user/PycharmProjects/PythonFridaysSchool
collecting ... collected 85 items

homework_4/test_hw4_nasukha.py::TestField::test_str_returns_value PASSED [  1%]
homework_4/test_hw4_nasukha.py::TestField::test_value_stored PASSED      [  2%]
homework_4/test_hw4_nasukha.py::TestName::test_empty_name_raises PASSED  [  3%]
homework_4/test_hw4_nasukha.py::TestName::test_valid_name PASSED         [  4%]
homework_4/test_hw4_nasukha.py::TestName::test_whitespace_name_raises PASSED [  5%]
homework_4/test_hw4_nasukha.py::TestPhone::test_empty_raises PASSED      [  7%]
homework_4/test_hw4_nasukha.py::TestPhone::test_non_digits_raises PASSED [  8%]
homework_4/test_hw4_nasukha.py::TestPhone::test_too_long_raises PASSED   [  9%]
homework_4/test_hw4_nasukha.py::TestPhone::test_too_short_raises PASSED  [ 10%]
homework_4/test_hw4_nasukha.py::TestPhone::test_valid_phone PASSED       [ 11%]
homework_4/test_hw4_nasukha.py::TestPhone::test_with_dashes_raises PASSED [ 12%]
homework_4/test_hw4_nasukha.py::TestRecord::test_add_multiple_phones PASSED [ 14%]
homework_4/test_hw4_nasukha.py::TestRecord::test_add_phone_duplicate_raises PASSED [ 15%]
homework_4/test_hw4_nasukha.py::TestRecord::test_add_phone_invalid_raises PASSED [ 16%]
homework_4/test_hw4_nasukha.py::TestRecord::test_add_phone_success PASSED [ 17%]
homework_4/test_hw4_nasukha.py::TestRecord::test_edit_phone_invalid_new_raises PASSED [ 18%]
homework_4/test_hw4_nasukha.py::TestRecord::test_edit_phone_old_not_found_raises PASSED [ 20%]
homework_4/test_hw4_nasukha.py::TestRecord::test_edit_phone_success PASSED [ 21%]
homework_4/test_hw4_nasukha.py::TestRecord::test_find_phone_found PASSED [ 22%]
homework_4/test_hw4_nasukha.py::TestRecord::test_find_phone_not_found_returns_none PASSED [ 23%]
homework_4/test_hw4_nasukha.py::TestRecord::test_name_stored PASSED      [ 24%]
homework_4/test_hw4_nasukha.py::TestRecord::test_phones_empty_on_init PASSED [ 25%]
homework_4/test_hw4_nasukha.py::TestRecord::test_remove_phone_not_found_raises PASSED [ 27%]
homework_4/test_hw4_nasukha.py::TestRecord::test_remove_phone_success PASSED [ 28%]
homework_4/test_hw4_nasukha.py::TestRecord::test_str_no_phones PASSED    [ 29%]
homework_4/test_hw4_nasukha.py::TestRecord::test_str_with_phones PASSED  [ 30%]
homework_4/test_hw4_nasukha.py::TestAddressBook::test_add_record PASSED  [ 31%]
homework_4/test_hw4_nasukha.py::TestAddressBook::test_delete_existing PASSED [ 32%]
homework_4/test_hw4_nasukha.py::TestAddressBook::test_delete_not_existing_raises PASSED [ 34%]
homework_4/test_hw4_nasukha.py::TestAddressBook::test_find_existing PASSED [ 35%]
homework_4/test_hw4_nasukha.py::TestAddressBook::test_find_not_existing_returns_none PASSED [ 36%]
homework_4/test_hw4_nasukha.py::TestCreateContact::test_create_duplicate_returns_message PASSED [ 37%]
homework_4/test_hw4_nasukha.py::TestCreateContact::test_create_invalid_phone PASSED [ 38%]
homework_4/test_hw4_nasukha.py::TestCreateContact::test_create_missing_all_args PASSED [ 40%]
homework_4/test_hw4_nasukha.py::TestCreateContact::test_create_missing_phone PASSED [ 41%]
homework_4/test_hw4_nasukha.py::TestCreateContact::test_create_stores_in_book PASSED [ 42%]
homework_4/test_hw4_nasukha.py::TestCreateContact::test_create_stores_phone_as_phone_object PASSED [ 43%]
homework_4/test_hw4_nasukha.py::TestCreateContact::test_create_success PASSED [ 44%]
homework_4/test_hw4_nasukha.py::TestAddPhone::test_add_phone_contact_not_found PASSED [ 45%]
homework_4/test_hw4_nasukha.py::TestAddPhone::test_add_phone_duplicate PASSED [ 47%]
homework_4/test_hw4_nasukha.py::TestAddPhone::test_add_phone_invalid PASSED [ 48%]
homework_4/test_hw4_nasukha.py::TestAddPhone::test_add_phone_missing_args PASSED [ 49%]
homework_4/test_hw4_nasukha.py::TestAddPhone::test_add_phone_stored_in_record PASSED [ 50%]
homework_4/test_hw4_nasukha.py::TestAddPhone::test_add_phone_success PASSED [ 51%]
homework_4/test_hw4_nasukha.py::TestUpdatePhone::test_update_changes_phone_value PASSED [ 52%]
homework_4/test_hw4_nasukha.py::TestUpdatePhone::test_update_contact_not_found PASSED [ 54%]
homework_4/test_hw4_nasukha.py::TestUpdatePhone::test_update_invalid_new_phone PASSED [ 55%]
homework_4/test_hw4_nasukha.py::TestUpdatePhone::test_update_keeps_phone_count PASSED [ 56%]
homework_4/test_hw4_nasukha.py::TestUpdatePhone::test_update_missing_args PASSED [ 57%]
homework_4/test_hw4_nasukha.py::TestUpdatePhone::test_update_old_phone_not_found PASSED [ 58%]
homework_4/test_hw4_nasukha.py::TestUpdatePhone::test_update_success PASSED [ 60%]
homework_4/test_hw4_nasukha.py::TestSearchContact::test_search_case_sensitive PASSED [ 61%]
homework_4/test_hw4_nasukha.py::TestSearchContact::test_search_contact_no_phones PASSED [ 62%]
homework_4/test_hw4_nasukha.py::TestSearchContact::test_search_missing_args PASSED [ 63%]
homework_4/test_hw4_nasukha.py::TestSearchContact::test_search_not_found PASSED [ 64%]
homework_4/test_hw4_nasukha.py::TestSearchContact::test_search_shows_all_phones PASSED [ 65%]
homework_4/test_hw4_nasukha.py::TestSearchContact::test_search_success PASSED [ 67%]
homework_4/test_hw4_nasukha.py::TestRemovePhone::test_remove_contact_not_found PASSED [ 68%]
homework_4/test_hw4_nasukha.py::TestRemovePhone::test_remove_last_phone_deletes_contact PASSED [ 69%]
homework_4/test_hw4_nasukha.py::TestRemovePhone::test_remove_missing_args PASSED [ 70%]
homework_4/test_hw4_nasukha.py::TestRemovePhone::test_remove_one_phone PASSED [ 71%]
homework_4/test_hw4_nasukha.py::TestRemovePhone::test_remove_phone_not_in_contact PASSED [ 72%]
homework_4/test_hw4_nasukha.py::TestDeleteContact::test_delete_missing_args PASSED [ 74%]
homework_4/test_hw4_nasukha.py::TestDeleteContact::test_delete_not_found PASSED [ 75%]
homework_4/test_hw4_nasukha.py::TestDeleteContact::test_delete_only_target PASSED [ 76%]
homework_4/test_hw4_nasukha.py::TestDeleteContact::test_delete_removes_from_book PASSED [ 77%]
homework_4/test_hw4_nasukha.py::TestDeleteContact::test_delete_success PASSED [ 78%]
homework_4/test_hw4_nasukha.py::TestListContacts::test_list_empty PASSED [ 80%]
homework_4/test_hw4_nasukha.py::TestListContacts::test_list_multiple_contacts PASSED [ 81%]
homework_4/test_hw4_nasukha.py::TestListContacts::test_list_shows_multiple_phones PASSED [ 82%]
homework_4/test_hw4_nasukha.py::TestListContacts::test_list_with_contacts PASSED [ 83%]
homework_4/test_hw4_nasukha.py::TestHelloHelp::test_hello_contains_help_hint PASSED [ 84%]
homework_4/test_hw4_nasukha.py::TestHelloHelp::test_hello_returns_string PASSED [ 85%]
homework_4/test_hw4_nasukha.py::TestHelloHelp::test_help_text_contains_all_commands PASSED [ 87%]
homework_4/test_hw4_nasukha.py::TestHelloHelp::test_show_help_returns_string PASSED [ 88%]
homework_4/test_hw4_nasukha.py::TestParseInput::test_case_insensitive_command PASSED [ 89%]
homework_4/test_hw4_nasukha.py::TestParseInput::test_command_with_args PASSED [ 90%]
homework_4/test_hw4_nasukha.py::TestParseInput::test_empty_input PASSED  [ 91%]
homework_4/test_hw4_nasukha.py::TestParseInput::test_extra_spaces_trimmed PASSED [ 92%]
homework_4/test_hw4_nasukha.py::TestParseInput::test_mixed_case_two_word_command PASSED [ 94%]
homework_4/test_hw4_nasukha.py::TestParseInput::test_preserves_args_case PASSED [ 95%]
homework_4/test_hw4_nasukha.py::TestParseInput::test_single_command PASSED [ 96%]
homework_4/test_hw4_nasukha.py::TestParseInput::test_two_word_command PASSED [ 97%]
homework_4/test_hw4_nasukha.py::TestParseInput::test_two_word_exit_command PASSED [ 98%]
homework_4/test_hw4_nasukha.py::TestParseInput::test_whitespace_only PASSED [100%]

╔══════════════════════════════════════════════════════════════════════╗
║  TestField                                                            ║
╠══════════════════════════════════════════════════════════════════════╣
║  Test                                        Status    Time        ║
╠──────────────────────────────────────────────────────────────────────╣
║  test_str_returns_value                      ✓ PASS    0.0001s     ║
║  test_value_stored                           ✓ PASS    0.0001s     ║
╠══════════════════════════════════════════════════════════════════════╣
║  Total: 2   Passed: 2   Failed: 0                                     ║
╚══════════════════════════════════════════════════════════════════════╝

╔══════════════════════════════════════════════════════════════════════╗
║  TestName                                                             ║
╠══════════════════════════════════════════════════════════════════════╣
║  Test                                        Status    Time        ║
╠──────────────────────────────────────────────────────────────────────╣
║  test_empty_name_raises                      ✓ PASS    0.0001s     ║
║  test_valid_name                             ✓ PASS    0.0000s     ║
║  test_whitespace_name_raises                 ✓ PASS    0.0000s     ║
╠══════════════════════════════════════════════════════════════════════╣
║  Total: 3   Passed: 3   Failed: 0                                     ║
╚══════════════════════════════════════════════════════════════════════╝

╔══════════════════════════════════════════════════════════════════════╗
║  TestPhone                                                            ║
╠══════════════════════════════════════════════════════════════════════╣
║  Test                                        Status    Time        ║
╠──────────────────────────────────────────────────────────────────────╣
║  test_empty_raises                           ✓ PASS    0.0000s     ║
║  test_non_digits_raises                      ✓ PASS    0.0000s     ║
║  test_too_long_raises                        ✓ PASS    0.0000s     ║
║  test_too_short_raises                       ✓ PASS    0.0000s     ║
║  test_valid_phone                            ✓ PASS    0.0000s     ║
║  test_with_dashes_raises                     ✓ PASS    0.0000s     ║
╠══════════════════════════════════════════════════════════════════════╣
║  Total: 6   Passed: 6   Failed: 0                                     ║
╚══════════════════════════════════════════════════════════════════════╝

╔══════════════════════════════════════════════════════════════════════╗
║  TestRecord                                                           ║
╠══════════════════════════════════════════════════════════════════════╣
║  Test                                        Status    Time        ║
╠──────────────────────────────────────────────────────────────────────╣
║  test_add_multiple_phones                    ✓ PASS    0.0000s     ║
║  test_add_phone_duplicate_raises             ✓ PASS    0.0001s     ║
║  test_add_phone_invalid_raises               ✓ PASS    0.0000s     ║
║  test_add_phone_success                      ✓ PASS    0.0000s     ║
║  test_edit_phone_invalid_new_raises          ✓ PASS    0.0000s     ║
║  test_edit_phone_old_not_found_raises        ✓ PASS    0.0000s     ║
║  test_edit_phone_success                     ✓ PASS    0.0000s     ║
║  test_find_phone_found                       ✓ PASS    0.0000s     ║
║  test_find_phone_not_found_returns_none      ✓ PASS    0.0000s     ║
║  test_name_stored                            ✓ PASS    0.0000s     ║
║  test_phones_empty_on_init                   ✓ PASS    0.0000s     ║
║  test_remove_phone_not_found_raises          ✓ PASS    0.0000s     ║
║  test_remove_phone_success                   ✓ PASS    0.0000s     ║
║  test_str_no_phones                          ✓ PASS    0.0001s     ║
║  test_str_with_phones                        ✓ PASS    0.0000s     ║
╠══════════════════════════════════════════════════════════════════════╣
║  Total: 15   Passed: 15   Failed: 0                                   ║
╚══════════════════════════════════════════════════════════════════════╝

╔══════════════════════════════════════════════════════════════════════╗
║  TestAddressBook                                                      ║
╠══════════════════════════════════════════════════════════════════════╣
║  Test                                        Status    Time        ║
╠──────────────────────────────────────────────────────────────────────╣
║  test_add_record                             ✓ PASS    0.0001s     ║
║  test_delete_existing                        ✓ PASS    0.0000s     ║
║  test_delete_not_existing_raises             ✓ PASS    0.0000s     ║
║  test_find_existing                          ✓ PASS    0.0000s     ║
║  test_find_not_existing_returns_none         ✓ PASS    0.0000s     ║
╠══════════════════════════════════════════════════════════════════════╣
║  Total: 5   Passed: 5   Failed: 0                                     ║
╚══════════════════════════════════════════════════════════════════════╝

╔══════════════════════════════════════════════════════════════════════╗
║  TestCreateContact                                                    ║
╠══════════════════════════════════════════════════════════════════════╣
║  Test                                        Status    Time        ║
╠──────────────────────────────────────────────────────────────────────╣
║  test_create_duplicate_returns_message       ✓ PASS    0.0000s     ║
║  test_create_invalid_phone                   ✓ PASS    0.0000s     ║
║  test_create_missing_all_args                ✓ PASS    0.0000s     ║
║  test_create_missing_phone                   ✓ PASS    0.0000s     ║
║  test_create_stores_in_book                  ✓ PASS    0.0000s     ║
║  test_create_stores_phone_as_phone_object    ✓ PASS    0.0000s     ║
║  test_create_success                         ✓ PASS    0.0000s     ║
╠══════════════════════════════════════════════════════════════════════╣
║  Total: 7   Passed: 7   Failed: 0                                     ║
╚══════════════════════════════════════════════════════════════════════╝

╔══════════════════════════════════════════════════════════════════════╗
║  TestAddPhone                                                         ║
╠══════════════════════════════════════════════════════════════════════╣
║  Test                                        Status    Time        ║
╠──────────────────────────────────────────────────────────────────────╣
║  test_add_phone_contact_not_found            ✓ PASS    0.0000s     ║
║  test_add_phone_duplicate                    ✓ PASS    0.0000s     ║
║  test_add_phone_invalid                      ✓ PASS    0.0000s     ║
║  test_add_phone_missing_args                 ✓ PASS    0.0000s     ║
║  test_add_phone_stored_in_record             ✓ PASS    0.0000s     ║
║  test_add_phone_success                      ✓ PASS    0.0000s     ║
╠══════════════════════════════════════════════════════════════════════╣
║  Total: 6   Passed: 6   Failed: 0                                     ║
╚══════════════════════════════════════════════════════════════════════╝

╔══════════════════════════════════════════════════════════════════════╗
║  TestUpdatePhone                                                      ║
╠══════════════════════════════════════════════════════════════════════╣
║  Test                                        Status    Time        ║
╠──────────────────────────────────────────────────────────────────────╣
║  test_update_changes_phone_value             ✓ PASS    0.0000s     ║
║  test_update_contact_not_found               ✓ PASS    0.0000s     ║
║  test_update_invalid_new_phone               ✓ PASS    0.0000s     ║
║  test_update_keeps_phone_count               ✓ PASS    0.0001s     ║
║  test_update_missing_args                    ✓ PASS    0.0000s     ║
║  test_update_old_phone_not_found             ✓ PASS    0.0000s     ║
║  test_update_success                         ✓ PASS    0.0000s     ║
╠══════════════════════════════════════════════════════════════════════╣
║  Total: 7   Passed: 7   Failed: 0                                     ║
╚══════════════════════════════════════════════════════════════════════╝

╔══════════════════════════════════════════════════════════════════════╗
║  TestSearchContact                                                    ║
╠══════════════════════════════════════════════════════════════════════╣
║  Test                                        Status    Time        ║
╠──────────────────────────────────────────────────────────────────────╣
║  test_search_case_sensitive                  ✓ PASS    0.0000s     ║
║  test_search_contact_no_phones               ✓ PASS    0.0000s     ║
║  test_search_missing_args                    ✓ PASS    0.0000s     ║
║  test_search_not_found                       ✓ PASS    0.0000s     ║
║  test_search_shows_all_phones                ✓ PASS    0.0001s     ║
║  test_search_success                         ✓ PASS    0.0000s     ║
╠══════════════════════════════════════════════════════════════════════╣
║  Total: 6   Passed: 6   Failed: 0                                     ║
╚══════════════════════════════════════════════════════════════════════╝

╔══════════════════════════════════════════════════════════════════════╗
║  TestRemovePhone                                                      ║
╠══════════════════════════════════════════════════════════════════════╣
║  Test                                        Status    Time        ║
╠──────────────────────────────────────────────────────────────────────╣
║  test_remove_contact_not_found               ✓ PASS    0.0000s     ║
║  test_remove_last_phone_deletes_contact      ✓ PASS    0.0000s     ║
║  test_remove_missing_args                    ✓ PASS    0.0000s     ║
║  test_remove_one_phone                       ✓ PASS    0.0000s     ║
║  test_remove_phone_not_in_contact            ✓ PASS    0.0000s     ║
╠══════════════════════════════════════════════════════════════════════╣
║  Total: 5   Passed: 5   Failed: 0                                     ║
╚══════════════════════════════════════════════════════════════════════╝

╔══════════════════════════════════════════════════════════════════════╗
║  TestDeleteContact                                                    ║
╠══════════════════════════════════════════════════════════════════════╣
║  Test                                        Status    Time        ║
╠──────────────────────────────────────────────────────────────────────╣
║  test_delete_missing_args                    ✓ PASS    0.0000s     ║
║  test_delete_not_found                       ✓ PASS    0.0000s     ║
║  test_delete_only_target                     ✓ PASS    0.0000s     ║
║  test_delete_removes_from_book               ✓ PASS    0.0000s     ║
║  test_delete_success                         ✓ PASS    0.0000s     ║
╠══════════════════════════════════════════════════════════════════════╣
║  Total: 5   Passed: 5   Failed: 0                                     ║
╚══════════════════════════════════════════════════════════════════════╝

╔══════════════════════════════════════════════════════════════════════╗
║  TestListContacts                                                     ║
╠══════════════════════════════════════════════════════════════════════╣
║  Test                                        Status    Time        ║
╠──────────────────────────────────────────────────────────────────────╣
║  test_list_empty                             ✓ PASS    0.0000s     ║
║  test_list_multiple_contacts                 ✓ PASS    0.0001s     ║
║  test_list_shows_multiple_phones             ✓ PASS    0.0000s     ║
║  test_list_with_contacts                     ✓ PASS    0.0000s     ║
╠══════════════════════════════════════════════════════════════════════╣
║  Total: 4   Passed: 4   Failed: 0                                     ║
╚══════════════════════════════════════════════════════════════════════╝

╔══════════════════════════════════════════════════════════════════════╗
║  TestHelloHelp                                                        ║
╠══════════════════════════════════════════════════════════════════════╣
║  Test                                        Status    Time        ║
╠──────────────────────────────────────────────────────────────────────╣
║  test_hello_contains_help_hint               ✓ PASS    0.0000s     ║
║  test_hello_returns_string                   ✓ PASS    0.0000s     ║
║  test_help_text_contains_all_commands        ✓ PASS    0.0000s     ║
║  test_show_help_returns_string               ✓ PASS    0.0000s     ║
╠══════════════════════════════════════════════════════════════════════╣
║  Total: 4   Passed: 4   Failed: 0                                     ║
╚══════════════════════════════════════════════════════════════════════╝

╔══════════════════════════════════════════════════════════════════════╗
║  TestParseInput                                                       ║
╠══════════════════════════════════════════════════════════════════════╣
║  Test                                        Status    Time        ║
╠──────────────────────────────────────────────────────────────────────╣
║  test_case_insensitive_command               ✓ PASS    0.0000s     ║
║  test_command_with_args                      ✓ PASS    0.0000s     ║
║  test_empty_input                            ✓ PASS    0.0000s     ║
║  test_extra_spaces_trimmed                   ✓ PASS    0.0000s     ║
║  test_mixed_case_two_word_command            ✓ PASS    0.0000s     ║
║  test_preserves_args_case                    ✓ PASS    0.0000s     ║
║  test_single_command                         ✓ PASS    0.0000s     ║
║  test_two_word_command                       ✓ PASS    0.0000s     ║
║  test_two_word_exit_command                  ✓ PASS    0.0000s     ║
║  test_whitespace_only                        ✓ PASS    0.0000s     ║
╠══════════════════════════════════════════════════════════════════════╣
║  Total: 10   Passed: 10   Failed: 0                                   ║
╚══════════════════════════════════════════════════════════════════════╝


============================== 85 passed in 0.03s ==============================
