============================= test session starts ==============================
platform darwin -- Python 3.9.6, pytest-8.4.2, pluggy-1.6.0 -- /Users/user/PycharmProjects/PythonFridaysSchool/.venv/bin/python
cachedir: .pytest_cache
rootdir: /Users/user/PycharmProjects/PythonFridaysSchool
collecting ... collected 58 items

homework_3/test_hw3_nasukha.py::TestValidatePhone::test_invalid_empty PASSED [  1%]
homework_3/test_hw3_nasukha.py::TestValidatePhone::test_invalid_letters PASSED [  3%]
homework_3/test_hw3_nasukha.py::TestValidatePhone::test_invalid_mixed PASSED [  5%]
homework_3/test_hw3_nasukha.py::TestValidatePhone::test_invalid_too_short PASSED [  6%]
homework_3/test_hw3_nasukha.py::TestValidatePhone::test_valid_digits_only PASSED [  8%]
homework_3/test_hw3_nasukha.py::TestValidatePhone::test_valid_minimum_length PASSED [ 10%]
homework_3/test_hw3_nasukha.py::TestValidatePhone::test_valid_with_dashes PASSED [ 12%]
homework_3/test_hw3_nasukha.py::TestValidatePhone::test_valid_with_plus PASSED [ 13%]
homework_3/test_hw3_nasukha.py::TestValidatePhone::test_valid_with_spaces PASSED [ 15%]
homework_3/test_hw3_nasukha.py::TestCreateContact::test_create_duplicate PASSED [ 17%]
homework_3/test_hw3_nasukha.py::TestCreateContact::test_create_invalid_phone PASSED [ 18%]
homework_3/test_hw3_nasukha.py::TestCreateContact::test_create_missing_all_args PASSED [ 20%]
homework_3/test_hw3_nasukha.py::TestCreateContact::test_create_missing_phone PASSED [ 22%]
homework_3/test_hw3_nasukha.py::TestCreateContact::test_create_stores_phone_as_list PASSED [ 24%]
homework_3/test_hw3_nasukha.py::TestCreateContact::test_create_success PASSED [ 25%]
homework_3/test_hw3_nasukha.py::TestAddPhone::test_add_multiple_phones PASSED [ 27%]
homework_3/test_hw3_nasukha.py::TestAddPhone::test_add_phone_contact_not_found PASSED [ 29%]
homework_3/test_hw3_nasukha.py::TestAddPhone::test_add_phone_duplicate PASSED [ 31%]
homework_3/test_hw3_nasukha.py::TestAddPhone::test_add_phone_invalid_phone PASSED [ 32%]
homework_3/test_hw3_nasukha.py::TestAddPhone::test_add_phone_missing_args PASSED [ 34%]
homework_3/test_hw3_nasukha.py::TestAddPhone::test_add_phone_success PASSED [ 36%]
homework_3/test_hw3_nasukha.py::TestUpdatePhone::test_update_contact_not_found PASSED [ 37%]
homework_3/test_hw3_nasukha.py::TestUpdatePhone::test_update_invalid_new_phone PASSED [ 39%]
homework_3/test_hw3_nasukha.py::TestUpdatePhone::test_update_keeps_other_phones PASSED [ 41%]
homework_3/test_hw3_nasukha.py::TestUpdatePhone::test_update_missing_args PASSED [ 43%]
homework_3/test_hw3_nasukha.py::TestUpdatePhone::test_update_old_phone_not_found PASSED [ 44%]
homework_3/test_hw3_nasukha.py::TestUpdatePhone::test_update_success PASSED [ 46%]
homework_3/test_hw3_nasukha.py::TestSearchContact::test_search_case_sensitive PASSED [ 48%]
homework_3/test_hw3_nasukha.py::TestSearchContact::test_search_missing_args PASSED [ 50%]
homework_3/test_hw3_nasukha.py::TestSearchContact::test_search_not_found PASSED [ 51%]
homework_3/test_hw3_nasukha.py::TestSearchContact::test_search_shows_all_phones PASSED [ 53%]
homework_3/test_hw3_nasukha.py::TestSearchContact::test_search_success PASSED [ 55%]
homework_3/test_hw3_nasukha.py::TestRemovePhone::test_remove_contact_not_found PASSED [ 56%]
homework_3/test_hw3_nasukha.py::TestRemovePhone::test_remove_last_phone_deletes_contact PASSED [ 58%]
homework_3/test_hw3_nasukha.py::TestRemovePhone::test_remove_missing_args PASSED [ 60%]
homework_3/test_hw3_nasukha.py::TestRemovePhone::test_remove_one_phone PASSED [ 62%]
homework_3/test_hw3_nasukha.py::TestRemovePhone::test_remove_phone_not_in_contact PASSED [ 63%]
homework_3/test_hw3_nasukha.py::TestDeleteContact::test_delete_missing_args PASSED [ 65%]
homework_3/test_hw3_nasukha.py::TestDeleteContact::test_delete_not_found PASSED [ 67%]
homework_3/test_hw3_nasukha.py::TestDeleteContact::test_delete_only_target PASSED [ 68%]
homework_3/test_hw3_nasukha.py::TestDeleteContact::test_delete_success PASSED [ 70%]
homework_3/test_hw3_nasukha.py::TestListContacts::test_list_empty PASSED [ 72%]
homework_3/test_hw3_nasukha.py::TestListContacts::test_list_shows_multiple_phones PASSED [ 74%]
homework_3/test_hw3_nasukha.py::TestListContacts::test_list_with_contacts PASSED [ 75%]
homework_3/test_hw3_nasukha.py::TestHelloHelp::test_hello_contains_help_hint PASSED [ 77%]
homework_3/test_hw3_nasukha.py::TestHelloHelp::test_hello_returns_string PASSED [ 79%]
homework_3/test_hw3_nasukha.py::TestHelloHelp::test_help_text_contains_all_commands PASSED [ 81%]
homework_3/test_hw3_nasukha.py::TestHelloHelp::test_show_help_returns_help_text PASSED [ 82%]
homework_3/test_hw3_nasukha.py::TestParseInput::test_case_insensitive_command PASSED [ 84%]
homework_3/test_hw3_nasukha.py::TestParseInput::test_command_with_args PASSED [ 86%]
homework_3/test_hw3_nasukha.py::TestParseInput::test_empty_input PASSED  [ 87%]
homework_3/test_hw3_nasukha.py::TestParseInput::test_extra_spaces_between_words PASSED [ 89%]
homework_3/test_hw3_nasukha.py::TestParseInput::test_mixed_case_command PASSED [ 91%]
homework_3/test_hw3_nasukha.py::TestParseInput::test_preserves_args_case PASSED [ 93%]
homework_3/test_hw3_nasukha.py::TestParseInput::test_single_command PASSED [ 94%]
homework_3/test_hw3_nasukha.py::TestParseInput::test_two_word_command PASSED [ 96%]
homework_3/test_hw3_nasukha.py::TestParseInput::test_two_word_exit_command PASSED [ 98%]
homework_3/test_hw3_nasukha.py::TestParseInput::test_whitespace_only PASSED [100%]

============================== 58 passed in 0.02s ==============================
